<?xml version="1.0" encoding="UTF-8"?>
<!-- Generated by org.testng.reporters.JUnitXMLReporter -->
<testsuite ignored="0" hostname="CISPL-IO-285" failures="0" tests="1" name="Test" time="0.463" errors="0" timestamp="2025-11-21T16:01:30 IST">
  <testcase classname="testCase.BaseClass" name="@BeforeClass Setup" time="-1.763721088694E9">
    <failure type="org.testng.TestNGException" message="
Parameter &amp;apos;OS&amp;apos; is required by BeforeClass on method Setup but has not been marked @Optional or defined
in C:\Users\CODECLOUDS-MDIMRAN\eclipse-workspace\OpenCart0.1\testng.xml">
      <![CDATA[org.testng.TestNGException: 
Parameter 'OS' is required by BeforeClass on method Setup but has not been marked @Optional or defined
in C:\Users\CODECLOUDS-MDIMRAN\eclipse-workspace\OpenCart0.1\testng.xml
at java.base/java.util.ArrayList.forEach(ArrayList.java:1604)
... Removed 22 stack frames]]>
    </failure>
  </testcase> <!-- @BeforeClass Setup -->
  <testcase classname="testCase.BaseClass" name="@AfterClass tearDown" time="0.0">
    <skipped/>
  </testcase> <!-- @AfterClass tearDown -->
  <testcase classname="testCase.LoginTest" name="VerifyLoginTest" time="0.0">
    <skipped/>
  </testcase> <!-- VerifyLoginTest -->
</testsuite> <!-- Test -->
