<?xml version="1.0" encoding="UTF-8"?>
<testsuite xmlns:xsi="http://www.w3.org/2001/XMLSchema-instance" xsi:noNamespaceSchemaLocation="https://maven.apache.org/surefire/maven-surefire-plugin/xsd/surefire-test-report.xsd" version="3.0.2" name="TestSuite" time="8.349" tests="1" errors="0" skipped="0" failures="0">
  <properties>
[...]
</properties>
  <testcase name="VerifyLoginTest" classname="testCase.LoginTest" time="2.035">
    <system-out><![CDATA[17:55:04.627 [main] DEBUG org.testng.TestNG - suiteXmlPath: "C:\Users\CODECLOUDS-MDIMRAN\eclipse-workspace\OpenCart0.1\testng.xml"
17:55:07.336 [main] INFO  testCase.LoginTest - Logger Initialized Successfully!
17:55:08.319 [main] INFO  testCase.LoginTest - **** Starting VerifyLoginTest *****
17:55:09.376 [main] INFO  testCase.LoginTest - **** Login page open*****
17:55:09.982 [main] INFO  testCase.LoginTest - **** Click on logined button *****
17:55:10.284 [main] INFO  testCase.LoginTest - **** Click on Logout button *****
]]></system-out>
    <system-err><![CDATA[2025-11-21T12:25:04.273201800Z main DEBUG Apache Log4j Core 2.25 initializing configuration XmlConfiguration[location=C:\Users\CODECLOUDS-MDIMRAN\eclipse-workspace\OpenCart0.1\target\test-classes\log4j2.xml, lastModified=2025-11-13T10:23:20.984Z]
2025-11-21T12:25:04.277158600Z main DEBUG PluginManager 'Core' found 134 plugins
2025-11-21T12:25:04.277158600Z main DEBUG PluginManager 'Level' found 0 plugins
2025-11-21T12:25:04.287808400Z main DEBUG Building Plugin[name=Property, class=org.apache.logging.log4j.core.config.Property].
2025-11-21T12:25:04.318150400Z main DEBUG PluginManager 'TypeConverter' found 26 plugins
2025-11-21T12:25:04.331148900Z main DEBUG createProperty(name="basePath", value="./logs", Configuration(C:\Users\CODECLOUDS-MDIMRAN\eclipse-workspace\OpenCart0.1\target\test-classes\log4j2.xml))
2025-11-21T12:25:04.335111700Z main DEBUG Building Plugin[name=Properties, class=org.apache.logging.log4j.core.config.PropertiesPlugin].
2025-11-21T12:25:04.340767200Z main DEBUG configureSubstitutor(={basePath=./logs}, Configuration(C:\Users\CODECLOUDS-MDIMRAN\eclipse-workspace\OpenCart0.1\target\test-classes\log4j2.xml))
2025-11-21T12:25:04.346766400Z main DEBUG PluginManager 'Lookup' found 16 plugins
2025-11-21T12:25:04.347763Z main DEBUG Building Plugin[name=layout, class=org.apache.logging.log4j.core.layout.PatternLayout].
2025-11-21T12:25:04.376636400Z main DEBUG PatternLayout$Builder(pattern="%d{HH:mm:ss.SSS} [%t] %-5level %logger{36} - %msg%n", PatternSelector=null, Configuration(C:\Users\CODECLOUDS-MDIMRAN\eclipse-workspace\OpenCart0.1\target\test-classes\log4j2.xml), Replace=null, charset="null", alwaysWriteExceptions="null", disableAnsi="null", noConsoleNoAnsi="null", header="null", footer="null")
2025-11-21T12:25:04.380632300Z main DEBUG PluginManager 'Converter' found 45 plugins
2025-11-21T12:25:04.445044100Z main DEBUG Building Plugin[name=appender, class=org.apache.logging.log4j.core.appender.ConsoleAppender].
2025-11-21T12:25:04.467696600Z main DEBUG ConsoleAppender$Builder(target="SYSTEM_OUT", follow="null", direct="null", bufferedIo="null", bufferSize="null", immediateFlush="null", ignoreExceptions="null", PatternLayout(%d{HH:mm:ss.SSS} [%t] %-5level %logger{36} - %msg%n), name="CONSOLE", Configuration(C:\Users\CODECLOUDS-MDIMRAN\eclipse-workspace\OpenCart0.1\target\test-classes\log4j2.xml), Filter=null, ={})
2025-11-21T12:25:04.470695200Z main DEBUG Starting OutputStreamManager SYSTEM_OUT.false.false
2025-11-21T12:25:04.470695200Z main DEBUG Building Plugin[name=layout, class=org.apache.logging.log4j.core.layout.PatternLayout].
2025-11-21T12:25:04.471694900Z main DEBUG PatternLayout$Builder(pattern="%d{HH:mm:ss.SSS} [%t] %-5level %logger{36} - %msg%n", PatternSelector=null, Configuration(C:\Users\CODECLOUDS-MDIMRAN\eclipse-workspace\OpenCart0.1\target\test-classes\log4j2.xml), Replace=null, charset="null", alwaysWriteExceptions="null", disableAnsi="null", noConsoleNoAnsi="null", header="null", footer="null")
2025-11-21T12:25:04.472695100Z main DEBUG Building Plugin[name=SizeBasedTriggeringPolicy, class=org.apache.logging.log4j.core.appender.rolling.SizeBasedTriggeringPolicy].
2025-11-21T12:25:04.475697600Z main DEBUG createPolicy(size="50000")
2025-11-21T12:25:04.478696300Z main DEBUG Building Plugin[name=appender, class=org.apache.logging.log4j.core.appender.RollingFileAppender].
2025-11-21T12:25:04.484400200Z main DEBUG RollingFileAppender$Builder(fileName="./logs/automation.log", filePattern="./logs/automation-%d{yyyy-MM-dd-HH-mm-ss}.log", append="null", locking="null", SizeBasedTriggeringPolicy(SizeBasedTriggeringPolicy(size=50000)), Strategy=null, advertise="null", advertiseUri="null", createOnDemand="null", filePermissions="null", fileOwner="null", fileGroup="null", bufferedIo="null", bufferSize="null", immediateFlush="null", ignoreExceptions="null", PatternLayout(%d{HH:mm:ss.SSS} [%t] %-5level %logger{36} - %msg%n), name="File", Configuration(C:\Users\CODECLOUDS-MDIMRAN\eclipse-workspace\OpenCart0.1\target\test-classes\log4j2.xml), Filter=null, ={})
2025-11-21T12:25:04.496794300Z main DEBUG Returning file creation time for C:\Users\CODECLOUDS-MDIMRAN\eclipse-workspace\OpenCart0.1\.\logs\automation.log
2025-11-21T12:25:04.496817600Z main DEBUG Starting RollingFileManager ./logs/automation.log
2025-11-21T12:25:04.499563200Z main DEBUG PluginManager 'FileConverter' found 2 plugins
2025-11-21T12:25:04.507086Z main DEBUG Setting prev file time to 2025-11-18T17:02:00.000+0530
2025-11-21T12:25:04.508086800Z main DEBUG Initializing triggering policy SizeBasedTriggeringPolicy(size=50000)
2025-11-21T12:25:04.508086800Z main DEBUG Building Plugin[name=Appenders, class=org.apache.logging.log4j.core.config.AppendersPlugin].
2025-11-21T12:25:04.508086800Z main DEBUG createAppenders(={CONSOLE, File})
2025-11-21T12:25:04.509083900Z main DEBUG Building Plugin[name=AppenderRef, class=org.apache.logging.log4j.core.config.AppenderRef].
2025-11-21T12:25:04.509083900Z main DEBUG createAppenderRef(ref="CONSOLE", level="null", Filter=null)
2025-11-21T12:25:04.513729600Z main DEBUG Building Plugin[name=AppenderRef, class=org.apache.logging.log4j.core.config.AppenderRef].
2025-11-21T12:25:04.514729100Z main DEBUG createAppenderRef(ref="File", level="null", Filter=null)
2025-11-21T12:25:04.514729100Z main DEBUG Building Plugin[name=Root, class=org.apache.logging.log4j.core.config.LoggerConfig$RootLogger].
2025-11-21T12:25:04.522728600Z main DEBUG LoggerConfig$RootLogger$Builder(additivity="null", level="DEBUG", levelAndRefs="null", includeLocation="null", ={CONSOLE, File}, ={}, Configuration(C:\Users\CODECLOUDS-MDIMRAN\eclipse-workspace\OpenCart0.1\target\test-classes\log4j2.xml), Filter=null)
2025-11-21T12:25:04.526963100Z main DEBUG Building Plugin[name=Loggers, class=org.apache.logging.log4j.core.config.LoggersPlugin].
2025-11-21T12:25:04.527894Z main DEBUG createLoggers(={root})
2025-11-21T12:25:04.528895100Z main DEBUG Configuration XmlConfiguration[location=C:\Users\CODECLOUDS-MDIMRAN\eclipse-workspace\OpenCart0.1\target\test-classes\log4j2.xml, lastModified=2025-11-13T10:23:20.984Z] initialized
2025-11-21T12:25:04.529894700Z main INFO Starting configuration XmlConfiguration[location=C:\Users\CODECLOUDS-MDIMRAN\eclipse-workspace\OpenCart0.1\target\test-classes\log4j2.xml, lastModified=2025-11-13T10:23:20.984Z]...
2025-11-21T12:25:04.529894700Z main INFO Configuration XmlConfiguration[location=C:\Users\CODECLOUDS-MDIMRAN\eclipse-workspace\OpenCart0.1\target\test-classes\log4j2.xml, lastModified=2025-11-13T10:23:20.984Z] started.
2025-11-21T12:25:04.534894800Z main INFO Stopping configuration org.apache.logging.log4j.core.config.DefaultConfiguration@23f7d05d...
2025-11-21T12:25:04.534894800Z main DEBUG Shutting down OutputStreamManager SYSTEM_OUT.false.false-1
2025-11-21T12:25:04.534894800Z main DEBUG OutputStream closed
2025-11-21T12:25:04.535895Z main DEBUG Shut down OutputStreamManager SYSTEM_OUT.false.false-1, all resources released: true
2025-11-21T12:25:04.535895Z main DEBUG Appender DefaultConsole-1 stopped with status true
2025-11-21T12:25:04.535895Z main INFO Configuration org.apache.logging.log4j.core.config.DefaultConfiguration@23f7d05d stopped.
2025-11-21T12:25:04.538891800Z main DEBUG org.apache.logging.log4j.core.util.SystemClock supports precise timestamps.
2025-11-21T12:25:04.538891800Z main DEBUG Reconfiguration complete for context[name=105be200] at URI C:\Users\CODECLOUDS-MDIMRAN\eclipse-workspace\OpenCart0.1\target\test-classes\log4j2.xml (org.apache.logging.log4j.core.LoggerContext@28f3b248) with optional ClassLoader: null
2025-11-21T12:25:04.539890700Z main DEBUG Shutdown hook enabled. Registering a new one.
2025-11-21T12:25:04.542534Z main DEBUG LoggerContext[name=105be200, org.apache.logging.log4j.core.LoggerContext@28f3b248] started OK.
]]></system-err>
  </testcase>
</testsuite>