<?xml version="1.0" encoding="UTF-8"?>
<testng-results ignored="0" total="1" passed="1" failed="0" skipped="0">
  <reporter-output>
  </reporter-output>
  <suite started-at="2025-11-21T17:55:05 IST" name="Suite" finished-at="2025-11-21T17:55:10 IST" duration-ms="5523">
    <groups>
      <group name="Master">
        <method signature="LoginTest.VerifyLoginTest()[pri:0, instance:testCase.LoginTest@63eef88a]" name="VerifyLoginTest" class="testCase.LoginTest"/>
      </group> <!-- Master -->
      <group name="Sanity">
        <method signature="LoginTest.VerifyLoginTest()[pri:0, instance:testCase.LoginTest@63eef88a]" name="VerifyLoginTest" class="testCase.LoginTest"/>
      </group> <!-- Sanity -->
      <group name="Regression">
        <method signature="LoginTest.VerifyLoginTest()[pri:0, instance:testCase.LoginTest@63eef88a]" name="VerifyLoginTest" class="testCase.LoginTest"/>
      </group> <!-- Regression -->
    </groups>
    <test started-at="2025-11-21T17:55:05 IST" name="Test" finished-at="2025-11-21T17:55:10 IST" duration-ms="5523">
      <class name="testCase.LoginTest">
        <test-method is-config="true" signature="Setup(java.lang.String,java.lang.String)[pri:0, instance:testCase.LoginTest@63eef88a]" started-at="2025-11-21T17:55:05 IST" name="Setup" finished-at="2025-11-21T17:55:08 IST" duration-ms="2905" status="PASS">
          <params>
            <param index="0">
              <value>
                <![CDATA[Windows]]>
              </value>
            </param>
            <param index="1">
              <value>
                <![CDATA[chrome]]>
              </value>
            </param>
          </params>
          <reporter-output>
          </reporter-output>
        </test-method> <!-- Setup -->
        <test-method signature="VerifyLoginTest()[pri:0, instance:testCase.LoginTest@63eef88a]" started-at="2025-11-21T17:55:08 IST" name="VerifyLoginTest" finished-at="2025-11-21T17:55:10 IST" duration-ms="2014" status="PASS">
          <reporter-output>
          </reporter-output>
        </test-method> <!-- VerifyLoginTest -->
        <test-method is-config="true" signature="tearDown()[pri:0, instance:testCase.LoginTest@63eef88a]" started-at="2025-11-21T17:55:10 IST" name="tearDown" finished-at="2025-11-21T17:55:10 IST" duration-ms="206" status="PASS">
          <reporter-output>
          </reporter-output>
        </test-method> <!-- tearDown -->
      </class> <!-- testCase.LoginTest -->
    </test> <!-- Test -->
  </suite> <!-- Suite -->
</testng-results>
