<?xml version="1.0" encoding="UTF-8"?>
<!-- Generated by org.testng.reporters.JUnitReportReporter -->
<testsuite hostname="CISPL-IO-285" failures="0" tests="4" name="testCase.LoginDDT" time="64.963" errors="0" timestamp="2025-11-18T13:40:55 IST" skipped="0">
  <testcase classname="testCase.LoginDDT" name="VerifyLoginDDT" time="20.710"/>
  <testcase classname="testCase.LoginDDT" name="VerifyLoginDDT" time="20.878"/>
  <testcase classname="testCase.LoginDDT" name="VerifyLoginDDT" time="20.936"/>
  <testcase classname="testCase.LoginDDT" name="VerifyLoginDDT" time="2.439"/>
</testsuite> <!-- testCase.LoginDDT -->
